<?xml version="1.0" encoding="UTF-8"?>
<!-- Generated by org.testng.reporters.JUnitXMLReporter -->
<testsuite ignored="0" hostname="THAMU" failures="0" tests="1" name="makemytrip" time="0.018" errors="0" timestamp="2023-06-20T15:45:43 IST">
  <testcase classname="base.basetest" name="@BeforeTest setup" time="0.001">
    <failure type="java.lang.Error" message="Unresolved compilation problems: 
	The method implicitlyWait(long, TimeUnit) in the type WebDriver.Timeouts is not applicable for the arguments (Duration)
	The method implicitlyWait(long, TimeUnit) in the type WebDriver.Timeouts is not applicable for the arguments (Duration)
">
      <![CDATA[java.lang.Error: Unresolved compilation problems: 
The method implicitlyWait(long, TimeUnit) in the type WebDriver.Timeouts is not applicable for the arguments (Duration)
The method implicitlyWait(long, TimeUnit) in the type WebDriver.Timeouts is not applicable for the arguments (Duration)

at base.basetest.setup(basetest.java:52)
... Removed 24 stack frames]]>
    </failure>
  </testcase> <!-- @BeforeTest setup -->
  <testcase classname="base.basetest" name="@AfterTest teadDown" time="0.0">
    <failure type="java.lang.NullPointerException" message="Cannot invoke &amp;quot;org.openqa.selenium.WebDriver.quit()&amp;quot; because &amp;quot;base.basetest.driver&amp;quot; is null">
      <![CDATA[java.lang.NullPointerException: Cannot invoke "org.openqa.selenium.WebDriver.quit()" because "base.basetest.driver" is null
at base.basetest.teadDown(basetest.java:65)
... Removed 24 stack frames]]>
    </failure>
  </testcase> <!-- @AfterTest teadDown -->
  <testcase classname="TestNG.datepicker" name="tripDetails" time="0.0">
    <skipped/>
  </testcase> <!-- tripDetails -->
</testsuite> <!-- makemytrip -->
